Dev Stack Installer v1.0.0
Iniciado: 2026-05-02 21:12:27
-----------------------------------
[2026-05-02 21:12:27] [STEP] Detectando sistema operativo
[2026-05-02 21:12:27] [OK] OS soportado: Linux Mint 22.1
[2026-05-02 21:12:27] [INFO] OS: linuxmint | Version: 22.1
[2026-05-02 21:12:27] [STEP] Actualizando lista de paquetes

WARNING: apt does not have a stable CLI interface. Use with caution in scripts.

Se pueden actualizar 498 paquetes. Ejecute «apt list --upgradable» para verlos.
[2026-05-02 21:12:27] [OK] Lista de paquetes actualizada
[2026-05-02 21:12:27] [STEP] Instalando herramientas esenciales
[2026-05-02 21:12:27] [OK] Git ya instalado (v1:2.43.0-1ubuntu7.3) -- omitido
[2026-05-02 21:12:27] [OK] curl ya instalado (v8.5.0-2ubuntu10.6) -- omitido
[2026-05-02 21:12:27] [OK] wget ya instalado (v1.21.4-1ubuntu4.1) -- omitido
[2026-05-02 21:12:27] [OK] Vim ya instalado (v2:9.1.0016-1ubuntu7.9) -- omitido
[2026-05-02 21:12:27] [OK] tree ya instalado (v2.1.1-2ubuntu3.24.04.2) -- omitido
[2026-05-02 21:12:27] [OK] htop ya instalado (v3.3.0-4build1) -- omitido
[2026-05-02 21:12:27] [OK] jq ya instalado (v1.7.1-3ubuntu0.24.04.2) -- omitido
[2026-05-02 21:12:27] [STEP] Instalando entorno de desarrollo
[2026-05-02 21:12:27] [OK] Python 3 ya instalado (v3.12.3-0ubuntu2.1) -- omitido
[2026-05-02 21:12:27] [OK] pip3 ya instalado (v24.0+dfsg-1ubuntu1.3) -- omitido
[2026-05-02 21:12:27] [OK] build-essential ya instalado (v12.10ubuntu1) -- omitido
[2026-05-02 21:12:27] [STEP] Instalando utilidades del sistema
[2026-05-02 21:12:27] [OK] net-tools ya instalado (v2.10-0.1ubuntu4.4) -- omitido
[2026-05-02 21:12:27] [OK] unzip ya instalado (v6.0-28ubuntu4.1) -- omitido
[2026-05-02 21:12:27] [OK] tmux ya instalado (v3.4-1ubuntu0.1) -- omitido
[2026-05-02 21:12:27] [OK] ShellCheck ya instalado (v0.9.0-1) -- omitido
[2026-05-02 21:12:27] [STEP] Verificando configuración de Git
[2026-05-02 21:12:27] [WARN] Git no tiene nombre de usuario configurado.
[2026-05-02 21:12:27] [INFO] Ejecuta: git config --global user.name 'Tu Nombre'
[2026-05-02 21:12:27] [INFO] Ejecuta: git config --global user.email 'tu@email.com'
[2026-05-02 21:12:27] [OK] Instalación completada exitosamente
